<?xml version="1.0" encoding="UTF-8"?>
<testng-results ignored="0" total="1" passed="1" failed="0" skipped="0">
  <reporter-output>
  </reporter-output>
  <suite started-at="2021-09-07T14:45:03 IST" name="Default suite" finished-at="2021-09-07T14:45:03 IST" duration-ms="544">
    <groups>
    </groups>
    <test started-at="2021-09-07T14:45:03 IST" name="Default test" finished-at="2021-09-07T14:45:03 IST" duration-ms="544">
      <class name="tests.FilloTest1">
        <test-method signature="testFillo()[pri:0, instance:tests.FilloTest1@61386958]" started-at="2021-09-07T14:45:03 IST" name="testFillo" finished-at="2021-09-07T14:45:03 IST" duration-ms="509" status="PASS">
          <reporter-output>
          </reporter-output>
        </test-method> <!-- testFillo -->
      </class> <!-- tests.FilloTest1 -->
    </test> <!-- Default test -->
  </suite> <!-- Default suite -->
</testng-results>
